<?xml version="1.0" encoding="UTF-8"?>
<!-- Generated by org.testng.reporters.JUnitReportReporter -->
<testsuite hostname="Sree" failures="0" tests="5" name="com.saucedemo.testrunner.ProductRunner" time="66.735" errors="0" timestamp="2025-09-03T23:53:19 IST" skipped="0">
  <testcase classname="com.saucedemo.testrunner.ProductRunner" name="runScenario" time="10.379"/>
  <testcase classname="com.saucedemo.testrunner.ProductRunner" name="runScenario" time="22.988"/>
  <testcase classname="com.saucedemo.testrunner.ProductRunner" name="runScenario" time="11.728"/>
  <testcase classname="com.saucedemo.testrunner.ProductRunner" name="runScenario" time="11.844"/>
  <testcase classname="com.saucedemo.testrunner.ProductRunner" name="runScenario" time="9.796"/>
</testsuite> <!-- com.saucedemo.testrunner.ProductRunner -->
