<?xml version="1.0" encoding="UTF-8"?>
<!-- Generated by org.testng.reporters.JUnitReportReporter -->
<testsuite hostname="Sree" failures="0" tests="3" name="com.saucedemo.testrunner.CartRunner" time="47.027" errors="0" timestamp="2025-09-03T23:53:19 IST" skipped="0">
  <testcase classname="com.saucedemo.testrunner.CartRunner" name="runScenario" time="21.237"/>
  <testcase classname="com.saucedemo.testrunner.CartRunner" name="runScenario" time="7.454"/>
  <testcase classname="com.saucedemo.testrunner.CartRunner" name="runScenario" time="18.336"/>
</testsuite> <!-- com.saucedemo.testrunner.CartRunner -->
