<?xml version="1.0" encoding="UTF-8"?>
<!-- Generated by org.testng.reporters.JUnitReportReporter -->
<testsuite hostname="Sree" failures="0" tests="7" name="com.saucedemo.testrunner.CheckoutRunner" time="272.041" errors="1" timestamp="2025-09-03T23:53:19 IST" skipped="0">
  <testcase classname="com.saucedemo.testrunner.CheckoutRunner" name="runScenario" time="34.452"/>
  <testcase classname="com.saucedemo.testrunner.CheckoutRunner" name="runScenario" time="44.575"/>
  <testcase classname="com.saucedemo.testrunner.CheckoutRunner" name="runScenario" time="44.572"/>
  <testcase classname="com.saucedemo.testrunner.CheckoutRunner" name="runScenario" time="44.413">
    <error message="no such element: Unable to locate element: {&quot;method&quot;:&quot;css selector&quot;,&quot;selector&quot;:&quot;#finish&quot;}
  (Session info: MicrosoftEdge=139.0.3405.125)
For documentation on this error, please visit: https://www.selenium.dev/documentation/webdriver/troubleshooting/errors#no-such-element-exception
Build info: version: &#039;4.11.0&#039;, revision: &#039;040bc5406b&#039;
System info: os.name: &#039;Windows 11&#039;, os.arch: &#039;amd64&#039;, os.version: &#039;10.0&#039;, java.version: &#039;23.0.2&#039;
Driver info: org.openqa.selenium.edge.EdgeDriver
Command: [64e018b162abf2b9756b6027f9902bbe, findElement {using=id, value=finish}]
Capabilities {acceptInsecureCerts: false, browserName: MicrosoftEdge, browserVersion: 139.0.3405.125, fedcm:accounts: true, ms:edgeOptions: {debuggerAddress: localhost:65019}, msedge: {msedgedriverVersion: 139.0.3405.125 (5d3aeaf5858..., userDataDir: C:\Users\hp\AppData\Local\T...}, networkConnectionEnabled: false, pageLoadStrategy: normal, platformName: windows, proxy: Proxy(), se:cdp: ws://localhost:65019/devtoo..., se:cdpVersion: 139.0.3405.125, setWindowRect: true, strictFileInteractability: false, timeouts: {implicit: 0, pageLoad: 300000, script: 30000}, unhandledPromptBehavior: dismiss and notify, webauthn:extension:credBlob: true, webauthn:extension:largeBlob: true, webauthn:extension:minPinLength: true, webauthn:extension:prf: true, webauthn:virtualAuthenticators: true}
Session ID: 64e018b162abf2b9756b6027f9902bbe" type="org.openqa.selenium.NoSuchElementException">
      <![CDATA[org.openqa.selenium.NoSuchElementException: no such element: Unable to locate element: {"method":"css selector","selector":"#finish"}
  (Session info: MicrosoftEdge=139.0.3405.125)
For documentation on this error, please visit: https://www.selenium.dev/documentation/webdriver/troubleshooting/errors#no-such-element-exception
Build info: version: '4.11.0', revision: '040bc5406b'
System info: os.name: 'Windows 11', os.arch: 'amd64', os.version: '10.0', java.version: '23.0.2'
Driver info: org.openqa.selenium.edge.EdgeDriver
Command: [64e018b162abf2b9756b6027f9902bbe, findElement {using=id, value=finish}]
Capabilities {acceptInsecureCerts: false, browserName: MicrosoftEdge, browserVersion: 139.0.3405.125, fedcm:accounts: true, ms:edgeOptions: {debuggerAddress: localhost:65019}, msedge: {msedgedriverVersion: 139.0.3405.125 (5d3aeaf5858..., userDataDir: C:\Users\hp\AppData\Local\T...}, networkConnectionEnabled: false, pageLoadStrategy: normal, platformName: windows, proxy: Proxy(), se:cdp: ws://localhost:65019/devtoo..., se:cdpVersion: 139.0.3405.125, setWindowRect: true, strictFileInteractability: false, timeouts: {implicit: 0, pageLoad: 300000, script: 30000}, unhandledPromptBehavior: dismiss and notify, webauthn:extension:credBlob: true, webauthn:extension:largeBlob: true, webauthn:extension:minPinLength: true, webauthn:extension:prf: true, webauthn:virtualAuthenticators: true}
Session ID: 64e018b162abf2b9756b6027f9902bbe
at java.base/jdk.internal.reflect.DirectConstructorHandleAccessor.newInstance(DirectConstructorHandleAccessor.java:62)
at java.base/java.lang.reflect.Constructor.newInstanceWithCaller(Constructor.java:501)
at java.base/java.lang.reflect.Constructor.newInstance(Constructor.java:485)
at org.openqa.selenium.remote.codec.w3c.W3CHttpResponseCodec.createException(W3CHttpResponseCodec.java:200)
at org.openqa.selenium.remote.codec.w3c.W3CHttpResponseCodec.decode(W3CHttpResponseCodec.java:133)
at org.openqa.selenium.remote.codec.w3c.W3CHttpResponseCodec.decode(W3CHttpResponseCodec.java:52)
at org.openqa.selenium.remote.HttpCommandExecutor.execute(HttpCommandExecutor.java:191)
at org.openqa.selenium.remote.service.DriverCommandExecutor.invokeExecute(DriverCommandExecutor.java:196)
at org.openqa.selenium.remote.service.DriverCommandExecutor.execute(DriverCommandExecutor.java:171)
at org.openqa.selenium.remote.RemoteWebDriver.execute(RemoteWebDriver.java:518)
at org.openqa.selenium.remote.ElementLocation$ElementFinder$2.findElement(ElementLocation.java:165)
at org.openqa.selenium.remote.ElementLocation.findElement(ElementLocation.java:59)
at org.openqa.selenium.remote.RemoteWebDriver.findElement(RemoteWebDriver.java:355)
at org.openqa.selenium.remote.RemoteWebDriver.findElement(RemoteWebDriver.java:349)
at com.saucedemo.pages.CheckoutPage.clickFinish(CheckoutPage.java:101)
at com.saucedemo.stepdefinitions.Checkout.user_clicks_on_finish(Checkout.java:115)
at ✽.User clicks on finish(file:///C:/Users/hp/eclipse-workspace/DemoWebsite/SauceDemo/src/test/resources/features/Checkout.feature:10)
]]>
    </error>
  </testcase> <!-- runScenario -->
  <testcase classname="com.saucedemo.testrunner.CheckoutRunner" name="runScenario" time="34.612"/>
  <testcase classname="com.saucedemo.testrunner.CheckoutRunner" name="runScenario" time="34.697"/>
  <testcase classname="com.saucedemo.testrunner.CheckoutRunner" name="runScenario" time="34.720"/>
</testsuite> <!-- com.saucedemo.testrunner.CheckoutRunner -->
