<?xml version="1.0" encoding="UTF-8"?>
<!-- Generated by org.testng.reporters.JUnitReportReporter -->
<testsuite hostname="Sree" failures="0" tests="5" name="DemoRunner.DemoRunner" time="46.666" errors="0" timestamp="2025-09-01T12:46:10 IST" skipped="0">
  <testcase classname="DemoRunner.DemoRunner" name="runScenario" time="8.209"/>
  <testcase classname="DemoRunner.DemoRunner" name="runScenario" time="7.754"/>
  <testcase classname="DemoRunner.DemoRunner" name="runScenario" time="13.289"/>
  <testcase classname="DemoRunner.DemoRunner" name="runScenario" time="8.321"/>
  <testcase classname="DemoRunner.DemoRunner" name="runScenario" time="9.093"/>
</testsuite> <!-- DemoRunner.DemoRunner -->
