<?xml version="1.0" encoding="UTF-8"?>
<!-- Generated by org.testng.reporters.JUnitReportReporter -->
<testsuite hostname="Sree" failures="5" tests="18" name="com.saucedemo.testrunner.TestRunner" time="396.715" errors="1" timestamp="2025-09-03T23:40:06 IST" skipped="0">
  <testcase classname="com.saucedemo.testrunner.TestRunner" name="runScenario" time="7.884">
    <failure message="User not redirected to home page." type="java.lang.AssertionError">
      <![CDATA[java.lang.AssertionError: User not redirected to home page.
at org.testng.Assert.fail(Assert.java:111)
at com.saucedemo.stepdefinitions.Login.user_navigated_to_the_home_page(Login.java:55)
at ✽.user navigated to home page(file:///C:/Users/hp/eclipse-workspace/DemoWebsite/SauceDemo/src/test/resources/features/Login.feature:9)
]]>
    </failure>
  </testcase> <!-- runScenario -->
  <testcase classname="com.saucedemo.testrunner.TestRunner" name="runScenario" time="8.789"/>
  <testcase classname="com.saucedemo.testrunner.TestRunner" name="runScenario" time="45.266"/>
  <testcase classname="com.saucedemo.testrunner.TestRunner" name="runScenario" time="18.779"/>
  <testcase classname="com.saucedemo.testrunner.TestRunner" name="runScenario" time="7.728">
    <failure message="User not redirected to home page." type="java.lang.AssertionError">
      <![CDATA[java.lang.AssertionError: User not redirected to home page.
at org.testng.Assert.fail(Assert.java:111)
at com.saucedemo.stepdefinitions.Login.user_navigated_to_the_home_page(Login.java:55)
at ✽.user navigated to home page(file:///C:/Users/hp/eclipse-workspace/DemoWebsite/SauceDemo/src/test/resources/features/Login.feature:9)
]]>
    </failure>
  </testcase> <!-- runScenario -->
  <testcase classname="com.saucedemo.testrunner.TestRunner" name="runScenario" time="35.437"/>
  <testcase classname="com.saucedemo.testrunner.TestRunner" name="runScenario" time="37.627"/>
  <testcase classname="com.saucedemo.testrunner.TestRunner" name="runScenario" time="45.354"/>
  <testcase classname="com.saucedemo.testrunner.TestRunner" name="runScenario" time="35.515"/>
  <testcase classname="com.saucedemo.testrunner.TestRunner" name="runScenario" time="21.435"/>
  <testcase classname="com.saucedemo.testrunner.TestRunner" name="runScenario" time="7.947">
    <failure message="User not redirected to home page." type="java.lang.AssertionError">
      <![CDATA[java.lang.AssertionError: User not redirected to home page.
at org.testng.Assert.fail(Assert.java:111)
at com.saucedemo.stepdefinitions.Login.user_navigated_to_the_home_page(Login.java:55)
at ✽.user navigated to home page(file:///C:/Users/hp/eclipse-workspace/DemoWebsite/SauceDemo/src/test/resources/features/Login.feature:9)
]]>
    </failure>
  </testcase> <!-- runScenario -->
  <testcase classname="com.saucedemo.testrunner.TestRunner" name="runScenario" time="44.731">
    <error message="Cannot invoke &quot;com.aventstack.extentreports.ExtentTest.fail(String)&quot; because the return value of &quot;com.saucedemo.utils.ExtentManager.getTest()&quot; is null" type="java.lang.NullPointerException">
      <![CDATA[java.lang.NullPointerException: Cannot invoke "com.aventstack.extentreports.ExtentTest.fail(String)" because the return value of "com.saucedemo.utils.ExtentManager.getTest()" is null
at com.saucedemo.stepdefinitions.Checkout.user_clicks_on_finish(Checkout.java:124)
at ✽.User clicks on finish(file:///C:/Users/hp/eclipse-workspace/DemoWebsite/SauceDemo/src/test/resources/features/Checkout.feature:10)
]]>
    </error>
  </testcase> <!-- runScenario -->
  <testcase classname="com.saucedemo.testrunner.TestRunner" name="runScenario" time="7.975">
    <failure message="User not redirected to home page." type="java.lang.AssertionError">
      <![CDATA[java.lang.AssertionError: User not redirected to home page.
at org.testng.Assert.fail(Assert.java:111)
at com.saucedemo.stepdefinitions.Login.user_navigated_to_the_home_page(Login.java:55)
at ✽.user navigated to home page(file:///C:/Users/hp/eclipse-workspace/DemoWebsite/SauceDemo/src/test/resources/features/Login.feature:9)
]]>
    </failure>
  </testcase> <!-- runScenario -->
  <testcase classname="com.saucedemo.testrunner.TestRunner" name="runScenario" time="35.262"/>
  <testcase classname="com.saucedemo.testrunner.TestRunner" name="runScenario" time="13.353"/>
  <testcase classname="com.saucedemo.testrunner.TestRunner" name="runScenario" time="8.299"/>
  <testcase classname="com.saucedemo.testrunner.TestRunner" name="runScenario" time="7.523"/>
  <testcase classname="com.saucedemo.testrunner.TestRunner" name="runScenario" time="7.811">
    <failure message="User not redirected to home page." type="java.lang.AssertionError">
      <![CDATA[java.lang.AssertionError: User not redirected to home page.
at org.testng.Assert.fail(Assert.java:111)
at com.saucedemo.stepdefinitions.Login.user_navigated_to_the_home_page(Login.java:55)
at ✽.user navigated to home page(file:///C:/Users/hp/eclipse-workspace/DemoWebsite/SauceDemo/src/test/resources/features/Login.feature:9)
]]>
    </failure>
  </testcase> <!-- runScenario -->
</testsuite> <!-- com.saucedemo.testrunner.TestRunner -->
